Drill report for /Users/jna/Dropbox/Badge Stuff/badge files/badge-kicad/badge-kicad.kicad_pcb
Created on Tuesday, December 20, 2016 'PMt' 08:39:25 PM

Copper Layer Stackup:
    =============================================================
    L1 :  F.Cu                      front
    L2 :  In1.Cu                    inner1
    L3 :  In2.Cu                    inner2
    L4 :  B.Cu                      back


Drill file 'badge-kicad-PTH.drl' contains
    plated through holes:
    =============================================================
    T1  0.30mm  0.012"  (127 holes)
    T2  0.50mm  0.020"  (2 holes)  (with 2 slots)
    T3  0.55mm  0.022"  (2 holes)  (with 2 slots)
    T4  0.65mm  0.026"  (10 holes)
    T5  0.76mm  0.030"  (2 holes)
    T6  0.80mm  0.031"  (12 holes)
    T7  1.00mm  0.039"  (3 holes)
    T8  1.02mm  0.040"  (46 holes)

    Total plated holes count 204


Drill file 'badge-kicad-NPTH.drl' contains
    unplated through holes:
    =============================================================
    T1  3.20mm  0.126"  (4 holes)

    Total unplated holes count 4
