Drill report for /Users/jna/Dropbox/Badge Stuff/badge files/badge-kicad/badge-routed.kicad_pcb
Created on Monday, December 19, 2016 'PMt' 05:37:44 PM

Copper Layer Stackup:
    =============================================================
    L1 :  F.Cu                      front
    L2 :  In1.Cu                    inner1
    L3 :  In2.Cu                    inner2
    L4 :  B.Cu                      back


Drill file 'badge-routed-PTH.drl' contains
    plated through holes:
    =============================================================
    T1  0.30mm  0.012"  (118 holes)
    T2  0.50mm  0.020"  (2 holes)  (with 2 slots)
    T3  0.55mm  0.022"  (2 holes)  (with 2 slots)
    T4  0.76mm  0.030"  (2 holes)
    T5  0.80mm  0.031"  (12 holes)
    T6  1.00mm  0.039"  (3 holes)
    T7  1.02mm  0.040"  (56 holes)

    Total plated holes count 195


Drill file 'badge-routed-NPTH.drl' contains
    unplated through holes:
    =============================================================
    T1  1.50mm  0.059"  (4 holes)

    Total unplated holes count 4
