Drill report for /Users/jna/Dropbox/Badge Stuff/badge files/badge-kicad/badge-kicad.kicad_pcb
Created on Friday, December 30, 2016 'PMt' 10:14:37 PM

Copper Layer Stackup:
    =============================================================
    L1 :  F.Cu                      front
    L2 :  B.Cu                      back


Drill file 'badge-kicad-PTH.drl' contains
    plated through holes:
    =============================================================
    T1  0.30mm  0.012"  (100 holes)
    T2  0.50mm  0.020"  (2 holes)  (with 2 slots)
    T3  0.65mm  0.026"  (10 holes)
    T4  0.76mm  0.030"  (2 holes)
    T5  0.80mm  0.031"  (12 holes)
    T6  1.00mm  0.039"  (3 holes)
    T7  1.02mm  0.040"  (46 holes)

    Total plated holes count 175


Drill file 'badge-kicad-NPTH.drl' contains
    unplated through holes:
    =============================================================
    T1  0.90mm  0.035"  (2 holes)
    T2  3.20mm  0.126"  (6 holes)

    Total unplated holes count 8
