Drill report for /Users/jna/Dropbox/Badge Stuff/badge files/badge-kicad/badge-kicad.kicad_pcb
Created on Thursday, April 20, 2017 'AMt' 11:47:34 AM

Copper Layer Stackup:
    =============================================================
    L1 :  F.Cu                      front
    L2 :  B.Cu                      back


Drill file 'badge-kicad.drl' contains
    plated through holes:
    =============================================================
    T1  0.40mm  0.016"  (98 holes)
    T2  0.50mm  0.020"  (2 holes)  (with 2 slots)
    T3  0.65mm  0.026"  (10 holes)
    T4  0.80mm  0.031"  (18 holes)
    T5  0.90mm  0.035"  (2 holes)
    T6  1.00mm  0.039"  (3 holes)
    T7  1.02mm  0.040"  (49 holes)

    Total plated holes count 182


Not plated through holes are merged with plated holes
    unplated through holes:
    =============================================================
    T8  0.90mm  0.035"  (2 holes)
    T9  3.20mm  0.126"  (7 holes)

    Total unplated holes count 9
